Started GET "/" for ::1 at 2023-07-03 20:31:18 -0600
Processing by PagesController#home as HTML
  Rendering layout layouts/application.html.erb
  Rendering pages/home.html.erb within layouts/application
  Rendered pages/home.html.erb within layouts/application (Duration: 0.9ms | Allocations: 443)
  Rendered layout layouts/application.html.erb (Duration: 5279.2ms | Allocations: 156926)
Completed 200 OK in 5292ms (Views: 5282.4ms | ActiveRecord: 0.0ms | Allocations: 163510)


Started GET "/" for ::1 at 2023-07-03 20:33:59 -0600
Processing by PagesController#home as HTML
  Rendering layout layouts/application.html.erb
  Rendering pages/home.html.erb within layouts/application
  Rendered pages/home.html.erb within layouts/application (Duration: 0.0ms | Allocations: 12)
  Rendered layout layouts/application.html.erb (Duration: 325.8ms | Allocations: 15090)
Completed 500 Internal Server Error in 327ms (Allocations: 15690)


  
ActionView::Template::Error (Error: File to import not found or unreadable: font-awesome-sprockets.
        on line 8:1 of app/assets/stylesheets/application.scss
>> @import "font-awesome-sprockets";

   ^
):
     6:     <%= csrf_meta_tags %>
     7:     <%= csp_meta_tag %>
     8: 
     9:     <%= stylesheet_link_tag "application", "data-turbo-track": "reload" %>
    10:     <%= javascript_include_tag "application", "data-turbo-track": "reload", defer: true %>
    11:   </head>
    12: 
  
app/assets/stylesheets/application.scss:8
app/views/layouts/application.html.erb:9
Started GET "/" for ::1 at 2023-07-03 20:39:30 -0600
Processing by PagesController#home as HTML
  Rendering layout layouts/application.html.erb
  Rendering pages/home.html.erb within layouts/application
  Rendered pages/home.html.erb within layouts/application (Duration: 0.0ms | Allocations: 7)
  Rendered layout layouts/application.html.erb (Duration: 395.3ms | Allocations: 14135)
Completed 500 Internal Server Error in 396ms (Allocations: 14386)


  
ActionView::Template::Error (Error: File to import not found or unreadable: font-awesome-sprockets.
        on line 8:1 of app/assets/stylesheets/application.scss
>> @import "font-awesome-sprockets";

   ^
):
     6:     <%= csrf_meta_tags %>
     7:     <%= csp_meta_tag %>
     8: 
     9:     <%= stylesheet_link_tag "application", "data-turbo-track": "reload" %>
    10:     <%= javascript_include_tag "application", "data-turbo-track": "reload", defer: true %>
    11:   </head>
    12: 
  
app/assets/stylesheets/application.scss:8
app/views/layouts/application.html.erb:9
Started GET "/" for ::1 at 2023-07-03 20:42:14 -0600
Processing by PagesController#home as HTML
  Rendering layout layouts/application.html.erb
  Rendering pages/home.html.erb within layouts/application
  Rendered pages/home.html.erb within layouts/application (Duration: 0.6ms | Allocations: 335)
  Rendered layout layouts/application.html.erb (Duration: 344.8ms | Allocations: 15836)
Completed 500 Internal Server Error in 352ms (ActiveRecord: 0.0ms | Allocations: 19891)


  
ActionView::Template::Error (Error: File to import not found or unreadable: font-awesome-sprockets.
        on line 8:1 of app/assets/stylesheets/application.scss
>> @import "font-awesome-sprockets";

   ^
):
     6:     <%= csrf_meta_tags %>
     7:     <%= csp_meta_tag %>
     8: 
     9:     <%= stylesheet_link_tag "application", "data-turbo-track": "reload" %>
    10:     <%= javascript_include_tag "application", "data-turbo-track": "reload", defer: true %>
    11:   </head>
    12: 
  
app/assets/stylesheets/application.scss:8
app/views/layouts/application.html.erb:9
Started GET "/" for ::1 at 2023-07-03 20:42:38 -0600
Processing by PagesController#home as HTML
  Rendering layout layouts/application.html.erb
  Rendering pages/home.html.erb within layouts/application
  Rendered pages/home.html.erb within layouts/application (Duration: 0.0ms | Allocations: 7)
  Rendered layout layouts/application.html.erb (Duration: 481.9ms | Allocations: 14135)
Completed 500 Internal Server Error in 483ms (ActiveRecord: 0.0ms | Allocations: 14392)


  
ActionView::Template::Error (Error: File to import not found or unreadable: font-awesome-sprockets.
        on line 8:1 of app/assets/stylesheets/application.scss
>> @import "font-awesome-sprockets";

   ^
):
     6:     <%= csrf_meta_tags %>
     7:     <%= csp_meta_tag %>
     8: 
     9:     <%= stylesheet_link_tag "application", "data-turbo-track": "reload" %>
    10:     <%= javascript_include_tag "application", "data-turbo-track": "reload", defer: true %>
    11:   </head>
    12: 
  
app/assets/stylesheets/application.scss:8
app/views/layouts/application.html.erb:9
Started GET "/" for ::1 at 2023-07-03 20:42:47 -0600
Processing by PagesController#home as HTML
  Rendering layout layouts/application.html.erb
  Rendering pages/home.html.erb within layouts/application
  Rendered pages/home.html.erb within layouts/application (Duration: 0.0ms | Allocations: 7)
  Rendered layout layouts/application.html.erb (Duration: 349.8ms | Allocations: 13875)
Completed 500 Internal Server Error in 350ms (ActiveRecord: 0.0ms | Allocations: 14089)


  
ActionView::Template::Error (Error: File to import not found or unreadable: font-awesome-sprockets.
        on line 8:1 of app/assets/stylesheets/application.scss
>> @import "font-awesome-sprockets";

   ^
):
     6:     <%= csrf_meta_tags %>
     7:     <%= csp_meta_tag %>
     8: 
     9:     <%= stylesheet_link_tag "application", "data-turbo-track": "reload" %>
    10:     <%= javascript_include_tag "application", "data-turbo-track": "reload", defer: true %>
    11:   </head>
    12: 
  
app/assets/stylesheets/application.scss:8
app/views/layouts/application.html.erb:9
Started GET "/" for ::1 at 2023-07-03 20:50:23 -0600
Processing by PagesController#home as HTML
  Rendering layout layouts/application.html.erb
  Rendering pages/home.html.erb within layouts/application
  Rendered pages/home.html.erb within layouts/application (Duration: 0.7ms | Allocations: 159)
  Rendered layout layouts/application.html.erb (Duration: 331.4ms | Allocations: 14548)
Completed 500 Internal Server Error in 333ms (Allocations: 15391)


  
ActionView::Template::Error (Error: File to import not found or unreadable: font-awesome-sprockets.
        on line 8:1 of app/assets/stylesheets/application.scss
>> @import "font-awesome-sprockets";

   ^
):
     6:     <%= csrf_meta_tags %>
     7:     <%= csp_meta_tag %>
     8: 
     9:     <%= stylesheet_link_tag "application", "data-turbo-track": "reload" %>
    10:     <%= javascript_include_tag "application", "data-turbo-track": "reload", defer: true %>
    11:   </head>
    12: 
  
app/assets/stylesheets/application.scss:8
app/views/layouts/application.html.erb:9
Started GET "/" for ::1 at 2023-07-03 20:57:10 -0600
Processing by PagesController#home as HTML
  Rendering layout layouts/application.html.erb
  Rendering pages/home.html.erb within layouts/application
  Rendered pages/home.html.erb within layouts/application (Duration: 0.7ms | Allocations: 370)
  Rendered layout layouts/application.html.erb (Duration: 957.4ms | Allocations: 20361)
Completed 500 Internal Server Error in 966ms (ActiveRecord: 0.0ms | Allocations: 24416)


  
ActionView::Template::Error (Error: File to import not found or unreadable: card.
        on line 3:1 of app/assets/stylesheets/pages/_index.scss
        from line 13:1 of app/assets/stylesheets/application.scss
>> @import "card";

   ^
):
     6:     <%= csrf_meta_tags %>
     7:     <%= csp_meta_tag %>
     8: 
     9:     <%= stylesheet_link_tag "application", "data-turbo-track": "reload" %>
    10:     <%= javascript_include_tag "application", "data-turbo-track": "reload", defer: true %>
    11:   </head>
    12: 
  
app/assets/stylesheets/pages/_index.scss:3
app/views/layouts/application.html.erb:9
Started GET "/" for ::1 at 2023-07-03 20:58:11 -0600
Processing by PagesController#home as HTML
  Rendering layout layouts/application.html.erb
  Rendering pages/home.html.erb within layouts/application
  Rendered pages/home.html.erb within layouts/application (Duration: 0.0ms | Allocations: 7)
  Rendered layout layouts/application.html.erb (Duration: 6470.1ms | Allocations: 113675)
Completed 200 OK in 6471ms (Views: 6470.7ms | ActiveRecord: 0.0ms | Allocations: 114000)


Started GET "/" for ::1 at 2023-07-03 21:03:29 -0600
Processing by PagesController#home as HTML
  Rendering layout layouts/application.html.erb
  Rendering pages/home.html.erb within layouts/application
  Rendered pages/home.html.erb within layouts/application (Duration: 0.5ms | Allocations: 163)
  Rendered layout layouts/application.html.erb (Duration: 5678.1ms | Allocations: 73778)
Completed 200 OK in 5680ms (Views: 5679.3ms | Allocations: 74652)


Started GET "/" for ::1 at 2023-07-03 21:04:55 -0600
Processing by PagesController#home as HTML
  Rendering layout layouts/application.html.erb
  Rendering pages/home.html.erb within layouts/application
  Rendered pages/home.html.erb within layouts/application (Duration: 1.2ms | Allocations: 171)
  Rendered shared/_footer.html.erb (Duration: 0.4ms | Allocations: 112)
  Rendered shared/_footer.html.erb (Duration: 0.0ms | Allocations: 8)
  Rendered layout layouts/application.html.erb (Duration: 12.4ms | Allocations: 9625)
Completed 200 OK in 14ms (Views: 13.5ms | Allocations: 10526)


Started GET "/" for ::1 at 2023-07-03 21:05:10 -0600
Processing by PagesController#home as HTML
  Rendering layout layouts/application.html.erb
  Rendering pages/home.html.erb within layouts/application
  Rendered pages/home.html.erb within layouts/application (Duration: 0.4ms | Allocations: 165)
  Rendered shared/_navbar.html.erb (Duration: 0.8ms | Allocations: 804)
  Rendered shared/_footer.html.erb (Duration: 0.4ms | Allocations: 108)
  Rendered layout layouts/application.html.erb (Duration: 8.8ms | Allocations: 10477)
Completed 200 OK in 10ms (Views: 9.9ms | Allocations: 11382)


Started GET "/" for ::1 at 2023-07-03 21:10:23 -0600
Processing by PagesController#home as HTML
  Rendering layout layouts/application.html.erb
  Rendering pages/home.html.erb within layouts/application
  Rendered pages/home.html.erb within layouts/application (Duration: 0.6ms | Allocations: 161)
  Rendered shared/_navbar.html.erb (Duration: 0.8ms | Allocations: 751)
  Rendered shared/_footer.html.erb (Duration: 0.4ms | Allocations: 108)
  Rendered layout layouts/application.html.erb (Duration: 6245.7ms | Allocations: 79891)
Completed 200 OK in 6249ms (Views: 6247.6ms | Allocations: 80796)


Started GET "/" for ::1 at 2023-07-03 21:11:14 -0600
Processing by PagesController#home as HTML
  Rendering layout layouts/application.html.erb
  Rendering pages/home.html.erb within layouts/application
  Rendered pages/home.html.erb within layouts/application (Duration: 0.0ms | Allocations: 7)
  Rendered shared/_navbar.html.erb (Duration: 0.5ms | Allocations: 311)
  Rendered shared/_footer.html.erb (Duration: 0.0ms | Allocations: 8)
  Rendered layout layouts/application.html.erb (Duration: 8.8ms | Allocations: 9173)
Completed 200 OK in 11ms (Views: 10.8ms | Allocations: 9427)


Started GET "/" for ::1 at 2023-07-03 21:12:15 -0600
Processing by PagesController#home as HTML
  Rendering layout layouts/application.html.erb
  Rendering pages/home.html.erb within layouts/application
  Rendered pages/home.html.erb within layouts/application (Duration: 0.0ms | Allocations: 7)
  Rendered shared/_navbar.html.erb (Duration: 0.2ms | Allocations: 311)
  Rendered shared/_footer.html.erb (Duration: 0.0ms | Allocations: 8)
  Rendered layout layouts/application.html.erb (Duration: 6.6ms | Allocations: 9132)
Completed 200 OK in 7ms (Views: 7.0ms | Allocations: 9370)


Started GET "/" for ::1 at 2023-07-03 21:16:19 -0600
Processing by PagesController#home as HTML
  Rendering layout layouts/application.html.erb
  Rendering pages/home.html.erb within layouts/application
  Rendered pages/home.html.erb within layouts/application (Duration: 0.9ms | Allocations: 160)
  Rendered shared/_navbar.html.erb (Duration: 0.9ms | Allocations: 760)
  Rendered shared/_footer.html.erb (Duration: 0.3ms | Allocations: 108)
  Rendered layout layouts/application.html.erb (Duration: 10.6ms | Allocations: 10443)
Completed 200 OK in 14ms (Views: 13.8ms | Allocations: 11324)


Started GET "/" for ::1 at 2023-07-03 21:16:43 -0600
Processing by PagesController#home as HTML
  Rendering layout layouts/application.html.erb
  Rendering pages/home.html.erb within layouts/application
  Rendered pages/home.html.erb within layouts/application (Duration: 0.4ms | Allocations: 160)
  Rendered shared/_navbar.html.erb (Duration: 0.7ms | Allocations: 602)
  Rendered shared/_footer.html.erb (Duration: 0.3ms | Allocations: 108)
  Rendered layout layouts/application.html.erb (Duration: 10.5ms | Allocations: 10285)
Completed 200 OK in 12ms (Views: 11.6ms | Allocations: 11180)


Started GET "/" for ::1 at 2023-07-03 21:17:51 -0600
Processing by PagesController#home as HTML
  Rendering layout layouts/application.html.erb
  Rendering pages/home.html.erb within layouts/application
  Rendered pages/home.html.erb within layouts/application (Duration: 1.0ms | Allocations: 160)
  Rendered shared/_navbar.html.erb (Duration: 0.7ms | Allocations: 369)
  Rendered shared/_footer.html.erb (Duration: 0.4ms | Allocations: 108)
  Rendered layout layouts/application.html.erb (Duration: 10.9ms | Allocations: 10045)
Completed 200 OK in 14ms (Views: 13.1ms | Allocations: 10950)


Started GET "/" for ::1 at 2023-07-03 21:18:47 -0600
Processing by PagesController#home as HTML
  Rendering layout layouts/application.html.erb
  Rendering pages/home.html.erb within layouts/application
  Rendered pages/home.html.erb within layouts/application (Duration: 0.5ms | Allocations: 160)
  Rendered shared/_navbar.html.erb (Duration: 2.4ms | Allocations: 363)
  Rendered shared/_footer.html.erb (Duration: 0.4ms | Allocations: 108)
  Rendered layout layouts/application.html.erb (Duration: 60.8ms | Allocations: 10051)
Completed 200 OK in 65ms (Views: 62.0ms | Allocations: 10947)


Started GET "/" for ::1 at 2023-07-03 21:21:16 -0600
Processing by PagesController#home as HTML
  Rendering layout layouts/application.html.erb
  Rendering pages/home.html.erb within layouts/application
  Rendered pages/home.html.erb within layouts/application (Duration: 0.3ms | Allocations: 161)
  Rendered shared/_navbar.html.erb (Duration: 0.6ms | Allocations: 359)
  Rendered shared/_footer.html.erb (Duration: 0.4ms | Allocations: 276)
  Rendered layout layouts/application.html.erb (Duration: 14.4ms | Allocations: 10202)
Completed 200 OK in 16ms (Views: 15.4ms | Allocations: 11101)


Started GET "/" for ::1 at 2023-07-04 08:35:37 -0600
Processing by PagesController#home as HTML
  Rendering layout layouts/application.html.erb
  Rendering pages/home.html.erb within layouts/application
  Rendered pages/home.html.erb within layouts/application (Duration: 4.3ms | Allocations: 383)
  Rendered shared/_navbar.html.erb (Duration: 22.1ms | Allocations: 421)
  Rendered shared/_footer.html.erb (Duration: 1.4ms | Allocations: 270)
  Rendered layout layouts/application.html.erb (Duration: 1518.1ms | Allocations: 56130)
Completed 200 OK in 1680ms (Views: 1531.0ms | ActiveRecord: 0.0ms | Allocations: 62124)


Started GET "/" for ::1 at 2023-07-04 08:35:49 -0600
Processing by PagesController#home as HTML
  Rendering layout layouts/application.html.erb
  Rendering pages/home.html.erb within layouts/application
  Rendered pages/home.html.erb within layouts/application (Duration: 0.0ms | Allocations: 9)
  Rendered shared/_navbar.html.erb (Duration: 0.1ms | Allocations: 101)
  Rendered shared/_footer.html.erb (Duration: 0.1ms | Allocations: 54)
  Rendered layout layouts/application.html.erb (Duration: 6.6ms | Allocations: 9173)
Completed 200 OK in 7ms (Views: 7.0ms | ActiveRecord: 0.0ms | Allocations: 9477)


Started GET "/" for ::1 at 2023-07-04 08:38:59 -0600
Processing by PagesController#home as HTML
  Rendering layout layouts/application.html.erb
  Rendering pages/home.html.erb within layouts/application
  Rendered pages/home.html.erb within layouts/application (Duration: 0.4ms | Allocations: 171)
  Rendered shared/_navbar.html.erb (Duration: 0.5ms | Allocations: 273)
  Rendered shared/_footer.html.erb (Duration: 0.5ms | Allocations: 263)
  Rendered layout layouts/application.html.erb (Duration: 8.8ms | Allocations: 10121)
Completed 200 OK in 11ms (Views: 10.7ms | ActiveRecord: 0.0ms | Allocations: 11036)


Started GET "/" for ::1 at 2023-07-04 08:49:50 -0600
Processing by PagesController#home as HTML
  Rendering layout layouts/application.html.erb
  Rendering pages/home.html.erb within layouts/application
  Rendered pages/home.html.erb within layouts/application (Duration: 34.7ms | Allocations: 2266)
  Rendered layout layouts/application.html.erb (Duration: 35.2ms | Allocations: 2364)
Completed 500 Internal Server Error in 37ms (Allocations: 3370)


  
ActionView::Template::Error (undefined method `each' for nil:NilClass

'.freeze;       @services.each do |service| 
                         ^^^^^):
    18:   <div class="container">
    19:     <h2>Our Services</h2>
    20:     <ul>
    21:       <% @services.each do |service| %>
    22:         <li>
    23:           <h2><%= service.name %></h2>
    24:           <a href="/services/<%= service.name %>">Learn more</a>
  
app/views/pages/home.html.erb:21
Started GET "/" for ::1 at 2023-07-04 08:53:37 -0600
Processing by PagesController#home as HTML
  Rendering layout layouts/application.html.erb
  Rendering pages/home.html.erb within layouts/application
  Rendered pages/home.html.erb within layouts/application (Duration: 1.4ms | Allocations: 1875)
  Rendered layout layouts/application.html.erb (Duration: 1.6ms | Allocations: 1963)
Completed 500 Internal Server Error in 7ms (Allocations: 2950)


  
ActionView::Template::Error (undefined method `each' for nil:NilClass

'.freeze;       @services.each do |service| 
                         ^^^^^):
    18:   <div class="container">
    19:     <h2>Our Services</h2>
    20:     <ul>
    21:       <% @services.each do |service| %>
    22:         <li>
    23:           <h2><%= service.name %></h2>
    24:           <a href="/services/<%= service.name %>">Learn more</a>
  
app/views/pages/home.html.erb:21
Started GET "/" for ::1 at 2023-07-04 08:53:42 -0600
Processing by PagesController#home as HTML
  Rendering layout layouts/application.html.erb
  Rendering pages/home.html.erb within layouts/application
  Rendered pages/home.html.erb within layouts/application (Duration: 1.3ms | Allocations: 1657)
  Rendered layout layouts/application.html.erb (Duration: 1.6ms | Allocations: 1736)
Completed 500 Internal Server Error in 2ms (Allocations: 1964)


  
ActionView::Template::Error (undefined method `each' for nil:NilClass

'.freeze;       @services.each do |service| 
                         ^^^^^):
    18:   <div class="container">
    19:     <h2>Our Services</h2>
    20:     <ul>
    21:       <% @services.each do |service| %>
    22:         <li>
    23:           <h2><%= service.name %></h2>
    24:           <a href="/services/<%= service.name %>">Learn more</a>
  
app/views/pages/home.html.erb:21
Started GET "/" for ::1 at 2023-07-04 08:53:48 -0600
Processing by PagesController#home as HTML
  Rendering layout layouts/application.html.erb
  Rendering pages/home.html.erb within layouts/application
  Rendered pages/home.html.erb within layouts/application (Duration: 1.1ms | Allocations: 1657)
  Rendered layout layouts/application.html.erb (Duration: 1.4ms | Allocations: 1737)
Completed 500 Internal Server Error in 2ms (Allocations: 1955)


  
ActionView::Template::Error (undefined method `each' for nil:NilClass

'.freeze;       @services.each do |service| 
                         ^^^^^):
    18:   <div class="container">
    19:     <h2>Our Services</h2>
    20:     <ul>
    21:       <% @services.each do |service| %>
    22:         <li>
    23:           <h2><%= service.name %></h2>
    24:           <a href="/services/<%= service.name %>">Learn more</a>
  
app/views/pages/home.html.erb:21
Started GET "/" for ::1 at 2023-07-04 08:55:56 -0600
Processing by PagesController#home as HTML
  Rendering layout layouts/application.html.erb
  Rendering pages/home.html.erb within layouts/application
  Rendered pages/home.html.erb within layouts/application (Duration: 4.0ms | Allocations: 2526)
  Rendered layout layouts/application.html.erb (Duration: 4.6ms | Allocations: 2638)
Completed 500 Internal Server Error in 16ms (ActiveRecord: 0.0ms | Allocations: 6694)


  
ActionView::Template::Error (undefined method `each' for nil:NilClass

'.freeze;       @services.each do |service| 
                         ^^^^^):
    18:   <div class="container">
    19:     <h2>Our Services</h2>
    20:     <ul>
    21:       <% @services.each do |service| %>
    22:         <li>
    23:           <h2><%= service.name %></h2>
    24:           <a href="/services/<%= service.name %>">Learn more</a>
  
app/views/pages/home.html.erb:21
Started GET "/" for ::1 at 2023-07-04 08:56:00 -0600
Processing by PagesController#home as HTML
  Rendering layout layouts/application.html.erb
  Rendering pages/home.html.erb within layouts/application
  Rendered pages/home.html.erb within layouts/application (Duration: 2.1ms | Allocations: 1679)
  Rendered layout layouts/application.html.erb (Duration: 2.4ms | Allocations: 1759)
Completed 500 Internal Server Error in 3ms (ActiveRecord: 0.0ms | Allocations: 2016)


  
ActionView::Template::Error (undefined method `each' for nil:NilClass

'.freeze;       @services.each do |service| 
                         ^^^^^):
    18:   <div class="container">
    19:     <h2>Our Services</h2>
    20:     <ul>
    21:       <% @services.each do |service| %>
    22:         <li>
    23:           <h2><%= service.name %></h2>
    24:           <a href="/services/<%= service.name %>">Learn more</a>
  
app/views/pages/home.html.erb:21
Started PUT "/__web_console/repl_sessions/7707db17e2859687447701ff89b4ddd8" for ::1 at 2023-07-04 08:56:59 -0600
Started PUT "/__web_console/repl_sessions/7707db17e2859687447701ff89b4ddd8" for ::1 at 2023-07-04 08:57:02 -0600
Started PUT "/__web_console/repl_sessions/7707db17e2859687447701ff89b4ddd8" for ::1 at 2023-07-04 08:57:03 -0600
Started PUT "/__web_console/repl_sessions/7707db17e2859687447701ff89b4ddd8" for ::1 at 2023-07-04 08:57:12 -0600
Started GET "/" for ::1 at 2023-07-04 09:02:38 -0600
Processing by PagesController#home as HTML
  Rendering layout layouts/application.html.erb
  Rendering pages/home.html.erb within layouts/application
  Rendered pages/home.html.erb within layouts/application (Duration: 0.4ms | Allocations: 193)
  Rendered shared/_navbar.html.erb (Duration: 0.8ms | Allocations: 325)
  Rendered shared/_footer.html.erb (Duration: 0.5ms | Allocations: 271)
  Rendered layout layouts/application.html.erb (Duration: 148.0ms | Allocations: 44894)
Completed 200 OK in 150ms (Views: 149.4ms | Allocations: 45941)


Started GET "/services/web_development" for ::1 at 2023-07-04 09:02:43 -0600
Processing by ServicesController#web_development as HTML
Completed 500 Internal Server Error in 3ms (Allocations: 2614)


  
NameError (uninitialized constant ServicesController::Service

    @service = Service::WebDevelopment.new
               ^^^^^^^):
  
app/controllers/services_controller.rb:25:in `web_development'
Started GET "/" for ::1 at 2023-07-04 09:02:45 -0600
Processing by PagesController#home as HTML
  Rendering layout layouts/application.html.erb
  Rendering pages/home.html.erb within layouts/application
  Rendered pages/home.html.erb within layouts/application (Duration: 0.1ms | Allocations: 7)
  Rendered shared/_navbar.html.erb (Duration: 0.5ms | Allocations: 67)
  Rendered shared/_footer.html.erb (Duration: 0.1ms | Allocations: 54)
  Rendered layout layouts/application.html.erb (Duration: 10.1ms | Allocations: 9186)
Completed 200 OK in 11ms (Views: 10.8ms | Allocations: 9455)


Started GET "/" for ::1 at 2023-07-04 09:06:35 -0600
Processing by PagesController#home as HTML
  Rendering layout layouts/application.html.erb
  Rendering pages/home.html.erb within layouts/application
  Rendered pages/home.html.erb within layouts/application (Duration: 2.0ms | Allocations: 2210)
  Rendered layout layouts/application.html.erb (Duration: 2.2ms | Allocations: 2299)
Completed 500 Internal Server Error in 4ms (Allocations: 3157)


  
ActionView::Template::Error (Missing partial pages/_services, application/_services with {:locale=>[:en], :formats=>[:html], :variants=>[], :handlers=>[:raw, :erb, :html, :builder, :ruby]}.

Searched in:
  * "/home/damian/code/radios-fbl/app/views"
  * "/home/damian/.rbenv/versions/3.1.2/lib/ruby/gems/3.1.0/gems/turbo-rails-1.4.0/app/views"
  * "/home/damian/.rbenv/versions/3.1.2/lib/ruby/gems/3.1.0/gems/actiontext-7.0.6/app/views"
  * "/home/damian/.rbenv/versions/3.1.2/lib/ruby/gems/3.1.0/gems/actionmailbox-7.0.6/app/views"

Did you mean?  services/services
               shared/footer
               shared/navbar
               action_text/contents/content
               layouts/action_text/contents/content
               active_storage/blobs/blob):
    17: <section id="services">
    18:   <div class="container">
    19:     <h2>Our Services</h2>
    20:     <%= render partial: "services" %>
    21:   </div>
    22: </section>
    23: <section id="app">
  
app/views/pages/home.html.erb:20
Started GET "/" for ::1 at 2023-07-04 09:07:06 -0600
Processing by PagesController#home as HTML
  Rendering layout layouts/application.html.erb
  Rendering pages/home.html.erb within layouts/application
  Rendered pages/home.html.erb within layouts/application (Duration: 1.8ms | Allocations: 2157)
  Rendered layout layouts/application.html.erb (Duration: 2.1ms | Allocations: 2245)
Completed 500 Internal Server Error in 4ms (Allocations: 3106)


  
ActionView::Template::Error (Missing partial pages/_services, application/_services with {:locale=>[:en], :formats=>[:html], :variants=>[], :handlers=>[:raw, :erb, :html, :builder, :ruby]}.

Searched in:
  * "/home/damian/code/radios-fbl/app/views"
  * "/home/damian/.rbenv/versions/3.1.2/lib/ruby/gems/3.1.0/gems/turbo-rails-1.4.0/app/views"
  * "/home/damian/.rbenv/versions/3.1.2/lib/ruby/gems/3.1.0/gems/actiontext-7.0.6/app/views"
  * "/home/damian/.rbenv/versions/3.1.2/lib/ruby/gems/3.1.0/gems/actionmailbox-7.0.6/app/views"

Did you mean?  services/services
               shared/footer
               shared/navbar
               action_text/contents/content
               layouts/action_text/contents/content
               active_storage/blobs/blob):
    17: <section id="services">
    18:   <div class="container">
    19:     <h2>Our Services</h2>
    20:     <%= render partial: "services" %>
    21:   </div>
    22: </section>
    23: <section id="app">
  
app/views/pages/home.html.erb:20
Started GET "/" for ::1 at 2023-07-04 09:07:24 -0600
Processing by PagesController#home as HTML
  Rendering layout layouts/application.html.erb
  Rendering pages/home.html.erb within layouts/application
  Rendered services/_services.html.erb (Duration: 0.3ms | Allocations: 127)
  Rendered pages/home.html.erb within layouts/application (Duration: 1.0ms | Allocations: 445)
  Rendered shared/_navbar.html.erb (Duration: 0.6ms | Allocations: 268)
  Rendered shared/_footer.html.erb (Duration: 0.5ms | Allocations: 263)
  Rendered layout layouts/application.html.erb (Duration: 11.8ms | Allocations: 10528)
Completed 200 OK in 14ms (Views: 13.0ms | Allocations: 11420)


Started GET "/services/audio_production" for ::1 at 2023-07-04 09:07:28 -0600
Processing by ServicesController#audio_production as HTML
Completed 500 Internal Server Error in 3ms (Allocations: 2515)


  
NameError (uninitialized constant ServicesController::Service

    @service = Service::AudioProduction.new
               ^^^^^^^):
  
app/controllers/services_controller.rb:13:in `audio_production'
Started GET "/services/audio_production" for ::1 at 2023-07-04 09:11:02 -0600
Processing by ServicesController#audio_production as HTML
  Rendering layout layouts/application.html.erb
  Rendering services/audio_production.html.erb within layouts/application
  Rendered services/audio_production.html.erb within layouts/application (Duration: 0.5ms | Allocations: 123)
  Rendered shared/_navbar.html.erb (Duration: 1.9ms | Allocations: 88)
  Rendered shared/_footer.html.erb (Duration: 0.1ms | Allocations: 55)
  Rendered layout layouts/application.html.erb (Duration: 10.9ms | Allocations: 9509)
Completed 200 OK in 13ms (Views: 12.3ms | Allocations: 10257)


Started GET "/" for ::1 at 2023-07-04 09:13:22 -0600
Processing by PagesController#home as HTML
  Rendering layout layouts/application.html.erb
  Rendering pages/home.html.erb within layouts/application
  Rendered services/_services.html.erb (Duration: 0.3ms | Allocations: 137)
  Rendered pages/home.html.erb within layouts/application (Duration: 1.8ms | Allocations: 737)
  Rendered shared/_navbar.html.erb (Duration: 0.7ms | Allocations: 319)
  Rendered shared/_footer.html.erb (Duration: 0.5ms | Allocations: 270)
  Rendered layout layouts/application.html.erb (Duration: 78.1ms | Allocations: 45854)
Completed 200 OK in 85ms (Views: 80.7ms | ActiveRecord: 0.0ms | Allocations: 49958)


Started GET "/" for ::1 at 2023-07-04 09:18:05 -0600
Processing by PagesController#home as HTML
  Rendering layout layouts/application.html.erb
  Rendering pages/home.html.erb within layouts/application
  Rendered services/_services.html.erb (Duration: 0.0ms | Allocations: 10)
  Rendered pages/home.html.erb within layouts/application (Duration: 0.1ms | Allocations: 81)
  Rendered shared/_navbar.html.erb (Duration: 0.1ms | Allocations: 67)
  Rendered shared/_footer.html.erb (Duration: 0.1ms | Allocations: 54)
  Rendered layout layouts/application.html.erb (Duration: 9.5ms | Allocations: 9197)
Completed 200 OK in 10ms (Views: 9.9ms | ActiveRecord: 0.0ms | Allocations: 9501)


Started GET "/services/audio_production" for ::1 at 2023-07-04 09:18:11 -0600
Processing by ServicesController#audio_production as HTML
  Rendering layout layouts/application.html.erb
  Rendering services/audio_production.html.erb within layouts/application
  Rendered services/audio_production.html.erb within layouts/application (Duration: 0.4ms | Allocations: 123)
  Rendered shared/_navbar.html.erb (Duration: 0.2ms | Allocations: 87)
  Rendered shared/_footer.html.erb (Duration: 0.1ms | Allocations: 55)
  Rendered layout layouts/application.html.erb (Duration: 8.2ms | Allocations: 9361)
Completed 200 OK in 10ms (Views: 9.2ms | ActiveRecord: 0.0ms | Allocations: 10125)


Started GET "/services/audio_production" for ::1 at 2023-07-04 09:26:27 -0600
Processing by ServicesController#audio_production as HTML
  Rendering layout layouts/application.html.erb
  Rendering services/audio_production.html.erb within layouts/application
  Rendered services/audio_production.html.erb within layouts/application (Duration: 0.4ms | Allocations: 138)
  Rendered shared/_navbar.html.erb (Duration: 0.5ms | Allocations: 271)
  Rendered shared/_footer.html.erb (Duration: 0.5ms | Allocations: 263)
  Rendered layout layouts/application.html.erb (Duration: 10.6ms | Allocations: 10086)
Completed 200 OK in 14ms (Views: 13.2ms | Allocations: 11006)


Started GET "/" for ::1 at 2023-07-04 09:26:33 -0600
Processing by PagesController#home as HTML
  Rendering layout layouts/application.html.erb
  Rendering pages/home.html.erb within layouts/application
  Rendered services/_services.html.erb (Duration: 0.2ms | Allocations: 126)
  Rendered pages/home.html.erb within layouts/application (Duration: 1.0ms | Allocations: 457)
  Rendered shared/_navbar.html.erb (Duration: 0.2ms | Allocations: 78)
  Rendered shared/_footer.html.erb (Duration: 0.1ms | Allocations: 56)
  Rendered layout layouts/application.html.erb (Duration: 21.8ms | Allocations: 9972)
Completed 200 OK in 23ms (Views: 23.1ms | Allocations: 10602)


Started GET "/" for ::1 at 2023-07-04 09:28:12 -0600
Processing by PagesController#home as HTML
  Rendering layout layouts/application.html.erb
  Rendering pages/home.html.erb within layouts/application
  Rendered services/_services.html.erb (Duration: 0.4ms | Allocations: 126)
  Rendered pages/home.html.erb within layouts/application (Duration: 1.0ms | Allocations: 445)
  Rendered shared/_navbar.html.erb (Duration: 0.7ms | Allocations: 268)
  Rendered shared/_footer.html.erb (Duration: 0.7ms | Allocations: 264)
  Rendered layout layouts/application.html.erb (Duration: 15.6ms | Allocations: 10371)
Completed 200 OK in 18ms (Views: 17.2ms | Allocations: 11270)


Started GET "/" for ::1 at 2023-07-04 10:11:02 -0600
Processing by PagesController#home as HTML
  Rendering layout layouts/application.html.erb
  Rendering pages/home.html.erb within layouts/application
  Rendered services/_services.html.erb (Duration: 0.4ms | Allocations: 126)
  Rendered pages/home.html.erb within layouts/application (Duration: 1.4ms | Allocations: 443)
  Rendered shared/_navbar.html.erb (Duration: 0.5ms | Allocations: 268)
  Rendered shared/_footer.html.erb (Duration: 0.5ms | Allocations: 384)
  Rendered layout layouts/application.html.erb (Duration: 12.7ms | Allocations: 10809)
Completed 200 OK in 15ms (Views: 14.7ms | Allocations: 11708)


Started GET "/" for ::1 at 2023-07-04 10:12:06 -0600
Processing by PagesController#home as HTML
  Rendering layout layouts/application.html.erb
  Rendering pages/home.html.erb within layouts/application
  Rendered services/_services.html.erb (Duration: 0.2ms | Allocations: 137)
  Rendered pages/home.html.erb within layouts/application (Duration: 1.2ms | Allocations: 738)
  Rendered shared/_navbar.html.erb (Duration: 0.5ms | Allocations: 319)
  Rendered shared/_footer.html.erb (Duration: 0.7ms | Allocations: 390)
  Rendered layout layouts/application.html.erb (Duration: 74.6ms | Allocations: 46225)
Completed 200 OK in 81ms (Views: 76.6ms | ActiveRecord: 0.0ms | Allocations: 50336)


Started GET "/" for ::1 at 2023-07-04 10:13:14 -0600
Processing by PagesController#home as HTML
  Rendering layout layouts/application.html.erb
  Rendering pages/home.html.erb within layouts/application
  Rendered services/_services.html.erb (Duration: 0.2ms | Allocations: 126)
  Rendered pages/home.html.erb within layouts/application (Duration: 0.8ms | Allocations: 442)
  Rendered shared/_navbar.html.erb (Duration: 0.5ms | Allocations: 268)
  Rendered shared/_footer.html.erb (Duration: 0.4ms | Allocations: 274)
  Rendered layout layouts/application.html.erb (Duration: 9.2ms | Allocations: 10371)
Completed 200 OK in 12ms (Views: 11.3ms | ActiveRecord: 0.0ms | Allocations: 11320)


Started GET "/services/live_event_streaming" for ::1 at 2023-07-04 10:13:18 -0600
Processing by ServicesController#live_event_streaming as HTML
  Rendering layout layouts/application.html.erb
  Rendering services/live_event_streaming.html.erb within layouts/application
  Rendered services/live_event_streaming.html.erb within layouts/application (Duration: 0.4ms | Allocations: 134)
  Rendered shared/_navbar.html.erb (Duration: 0.2ms | Allocations: 87)
  Rendered shared/_footer.html.erb (Duration: 0.1ms | Allocations: 55)
  Rendered layout layouts/application.html.erb (Duration: 7.4ms | Allocations: 9360)
Completed 200 OK in 9ms (Views: 8.3ms | ActiveRecord: 0.0ms | Allocations: 10126)


Started GET "/services/services/live_event_streaming" for ::1 at 2023-07-04 10:13:20 -0600
  
ActionController::RoutingError (No route matches [GET] "/services/services/live_event_streaming"):
  
Started GET "/services/live_event_streaming" for ::1 at 2023-07-04 10:13:49 -0600
Processing by ServicesController#live_event_streaming as HTML
  Rendering layout layouts/application.html.erb
  Rendering services/live_event_streaming.html.erb within layouts/application
  Rendered services/live_event_streaming.html.erb within layouts/application (Duration: 0.3ms | Allocations: 134)
  Rendered shared/_navbar.html.erb (Duration: 1.0ms | Allocations: 271)
  Rendered shared/_footer.html.erb (Duration: 1.7ms | Allocations: 274)
  Rendered layout layouts/application.html.erb (Duration: 11.3ms | Allocations: 10405)
Completed 200 OK in 13ms (Views: 12.6ms | ActiveRecord: 0.0ms | Allocations: 11308)


Started GET "/services/graphic_design" for ::1 at 2023-07-04 10:13:52 -0600
Processing by ServicesController#graphic_design as HTML
  Rendering layout layouts/application.html.erb
  Rendering services/graphic_design.html.erb within layouts/application
  Rendered services/graphic_design.html.erb within layouts/application (Duration: 0.3ms | Allocations: 108)
  Rendered shared/_navbar.html.erb (Duration: 0.1ms | Allocations: 58)
  Rendered shared/_footer.html.erb (Duration: 0.1ms | Allocations: 53)
  Rendered layout layouts/application.html.erb (Duration: 7.5ms | Allocations: 9035)
Completed 200 OK in 8ms (Views: 7.8ms | ActiveRecord: 0.0ms | Allocations: 9348)


Started GET "/services/graphic_design" for ::1 at 2023-07-04 10:13:53 -0600
Processing by ServicesController#graphic_design as HTML
  Rendering layout layouts/application.html.erb
  Rendering services/graphic_design.html.erb within layouts/application
  Rendered services/graphic_design.html.erb within layouts/application (Duration: 0.0ms | Allocations: 7)
  Rendered shared/_navbar.html.erb (Duration: 0.1ms | Allocations: 58)
  Rendered shared/_footer.html.erb (Duration: 0.1ms | Allocations: 53)
  Rendered layout layouts/application.html.erb (Duration: 7.2ms | Allocations: 8911)
Completed 200 OK in 8ms (Views: 7.5ms | ActiveRecord: 0.0ms | Allocations: 9153)


Started GET "/services/web_development" for ::1 at 2023-07-04 10:13:55 -0600
Processing by ServicesController#web_development as HTML
  Rendering layout layouts/application.html.erb
  Rendering services/web_development.html.erb within layouts/application
  Rendered services/web_development.html.erb within layouts/application (Duration: 0.4ms | Allocations: 111)
  Rendered shared/_navbar.html.erb (Duration: 0.2ms | Allocations: 58)
  Rendered shared/_footer.html.erb (Duration: 0.1ms | Allocations: 53)
  Rendered layout layouts/application.html.erb (Duration: 9.0ms | Allocations: 9031)
Completed 200 OK in 10ms (Views: 9.4ms | ActiveRecord: 0.0ms | Allocations: 9334)


Started GET "/services/video_production" for ::1 at 2023-07-04 10:14:07 -0600
Processing by ServicesController#video_production as HTML
  Rendering layout layouts/application.html.erb
  Rendering services/video_production.html.erb within layouts/application
  Rendered services/video_production.html.erb within layouts/application (Duration: 0.3ms | Allocations: 109)
  Rendered shared/_navbar.html.erb (Duration: 0.1ms | Allocations: 58)
  Rendered shared/_footer.html.erb (Duration: 0.1ms | Allocations: 53)
  Rendered layout layouts/application.html.erb (Duration: 7.3ms | Allocations: 9020)
Completed 200 OK in 8ms (Views: 7.6ms | ActiveRecord: 0.0ms | Allocations: 9321)


Started GET "/services/audio_production" for ::1 at 2023-07-04 10:14:10 -0600
Processing by ServicesController#audio_production as HTML
  Rendering layout layouts/application.html.erb
  Rendering services/audio_production.html.erb within layouts/application
  Rendered services/audio_production.html.erb within layouts/application (Duration: 0.4ms | Allocations: 112)
  Rendered shared/_navbar.html.erb (Duration: 0.1ms | Allocations: 58)
  Rendered shared/_footer.html.erb (Duration: 0.1ms | Allocations: 53)
  Rendered layout layouts/application.html.erb (Duration: 7.4ms | Allocations: 9033)
Completed 200 OK in 8ms (Views: 7.9ms | ActiveRecord: 0.0ms | Allocations: 9329)


Started GET "/services/live_event_streaming" for ::1 at 2023-07-04 10:14:12 -0600
Processing by ServicesController#live_event_streaming as HTML
  Rendering layout layouts/application.html.erb
  Rendering services/live_event_streaming.html.erb within layouts/application
  Rendered services/live_event_streaming.html.erb within layouts/application (Duration: 0.1ms | Allocations: 7)
  Rendered shared/_navbar.html.erb (Duration: 0.2ms | Allocations: 58)
  Rendered shared/_footer.html.erb (Duration: 1.5ms | Allocations: 53)
  Rendered layout layouts/application.html.erb (Duration: 32.7ms | Allocations: 8932)
Completed 200 OK in 34ms (Views: 33.3ms | ActiveRecord: 0.0ms | Allocations: 9173)


Started GET "/services/live_event_streaming" for ::1 at 2023-07-04 10:15:58 -0600
Processing by ServicesController#live_event_streaming as HTML
  Rendering layout layouts/application.html.erb
  Rendering services/live_event_streaming.html.erb within layouts/application
  Rendered services/live_event_streaming.html.erb within layouts/application (Duration: 0.3ms | Allocations: 135)
  Rendered shared/_navbar.html.erb (Duration: 0.7ms | Allocations: 276)
  Rendered shared/_footer.html.erb (Duration: 0.7ms | Allocations: 274)
  Rendered layout layouts/application.html.erb (Duration: 37.7ms | Allocations: 10111)
Completed 200 OK in 41ms (Views: 40.1ms | ActiveRecord: 0.0ms | Allocations: 11001)


Started GET "/services/live_event_streaming" for ::1 at 2023-07-04 10:20:32 -0600
Processing by ServicesController#live_event_streaming as HTML
  Rendering layout layouts/application.html.erb
  Rendering services/live_event_streaming.html.erb within layouts/application
  Rendered services/live_event_streaming.html.erb within layouts/application (Duration: 0.4ms | Allocations: 134)
  Rendered shared/_navbar.html.erb (Duration: 1.1ms | Allocations: 272)
  Rendered shared/_footer.html.erb (Duration: 0.7ms | Allocations: 280)
  Rendered layout layouts/application.html.erb (Duration: 12.1ms | Allocations: 10095)
Completed 200 OK in 14ms (Views: 13.1ms | Allocations: 10996)


Started GET "/services/live_event_streaming" for ::1 at 2023-07-04 10:20:56 -0600
Processing by ServicesController#live_event_streaming as HTML
  Rendering layout layouts/application.html.erb
  Rendering services/live_event_streaming.html.erb within layouts/application
  Rendered services/live_event_streaming.html.erb within layouts/application (Duration: 0.4ms | Allocations: 134)
  Rendered shared/_navbar.html.erb (Duration: 0.6ms | Allocations: 271)
  Rendered shared/_footer.html.erb (Duration: 0.6ms | Allocations: 278)
  Rendered layout layouts/application.html.erb (Duration: 10.1ms | Allocations: 10097)
Completed 200 OK in 12ms (Views: 11.5ms | Allocations: 10997)


Started GET "/" for ::1 at 2023-07-04 10:20:58 -0600
Processing by PagesController#home as HTML
  Rendering layout layouts/application.html.erb
  Rendering pages/home.html.erb within layouts/application
  Rendered services/_services.html.erb (Duration: 0.3ms | Allocations: 126)
  Rendered pages/home.html.erb within layouts/application (Duration: 0.9ms | Allocations: 457)
  Rendered shared/_navbar.html.erb (Duration: 0.2ms | Allocations: 78)
  Rendered shared/_footer.html.erb (Duration: 0.1ms | Allocations: 55)
  Rendered layout layouts/application.html.erb (Duration: 8.7ms | Allocations: 9669)
Completed 200 OK in 10ms (Views: 9.7ms | Allocations: 10300)


Started GET "/services/audio_production" for ::1 at 2023-07-04 10:21:01 -0600
Processing by ServicesController#audio_production as HTML
  Rendering layout layouts/application.html.erb
  Rendering services/audio_production.html.erb within layouts/application
  Rendered services/audio_production.html.erb within layouts/application (Duration: 0.4ms | Allocations: 111)
  Rendered shared/_navbar.html.erb (Duration: 0.1ms | Allocations: 58)
  Rendered shared/_footer.html.erb (Duration: 0.1ms | Allocations: 53)
  Rendered layout layouts/application.html.erb (Duration: 7.3ms | Allocations: 9029)
Completed 200 OK in 8ms (Views: 7.8ms | Allocations: 9339)


Started GET "/services/web_development" for ::1 at 2023-07-04 10:21:03 -0600
Processing by ServicesController#web_development as HTML
  Rendering layout layouts/application.html.erb
  Rendering services/web_development.html.erb within layouts/application
  Rendered services/web_development.html.erb within layouts/application (Duration: 0.3ms | Allocations: 108)
  Rendered shared/_navbar.html.erb (Duration: 0.1ms | Allocations: 58)
  Rendered shared/_footer.html.erb (Duration: 0.1ms | Allocations: 53)
  Rendered layout layouts/application.html.erb (Duration: 6.9ms | Allocations: 9017)
Completed 200 OK in 8ms (Views: 7.2ms | Allocations: 9310)


Started GET "/" for ::1 at 2023-07-04 10:21:06 -0600
Processing by PagesController#home as HTML
  Rendering layout layouts/application.html.erb
  Rendering pages/home.html.erb within layouts/application
  Rendered services/_services.html.erb (Duration: 0.0ms | Allocations: 9)
  Rendered pages/home.html.erb within layouts/application (Duration: 0.2ms | Allocations: 72)
  Rendered shared/_navbar.html.erb (Duration: 0.2ms | Allocations: 57)
  Rendered shared/_footer.html.erb (Duration: 0.1ms | Allocations: 53)
  Rendered layout layouts/application.html.erb (Duration: 12.0ms | Allocations: 8992)
Completed 200 OK in 13ms (Views: 12.5ms | Allocations: 9231)


Started GET "/" for ::1 at 2023-07-04 10:21:07 -0600
Processing by PagesController#home as HTML
  Rendering layout layouts/application.html.erb
  Rendering pages/home.html.erb within layouts/application
  Rendered services/_services.html.erb (Duration: 0.0ms | Allocations: 9)
  Rendered pages/home.html.erb within layouts/application (Duration: 0.2ms | Allocations: 72)
  Rendered shared/_navbar.html.erb (Duration: 0.2ms | Allocations: 57)
  Rendered shared/_footer.html.erb (Duration: 0.3ms | Allocations: 53)
  Rendered layout layouts/application.html.erb (Duration: 8.7ms | Allocations: 8989)
Completed 200 OK in 10ms (Views: 9.2ms | Allocations: 9227)


Started GET "/" for ::1 at 2023-07-04 10:29:55 -0600
Processing by PagesController#home as HTML
  Rendering layout layouts/application.html.erb
  Rendering pages/home.html.erb within layouts/application
  Rendered services/_services.html.erb (Duration: 0.1ms | Allocations: 9)
  Rendered pages/home.html.erb within layouts/application (Duration: 0.4ms | Allocations: 72)
  Rendered shared/_navbar.html.erb (Duration: 0.2ms | Allocations: 57)
  Rendered shared/_footer.html.erb (Duration: 0.1ms | Allocations: 53)
  Rendered layout layouts/application.html.erb (Duration: 26.9ms | Allocations: 8996)
Completed 200 OK in 29ms (Views: 28.0ms | Allocations: 9232)


Started GET "/" for ::1 at 2023-07-04 10:30:27 -0600
Processing by PagesController#home as HTML
  Rendering layout layouts/application.html.erb
  Rendering pages/home.html.erb within layouts/application
  Rendered services/_services.html.erb (Duration: 0.0ms | Allocations: 9)
  Rendered pages/home.html.erb within layouts/application (Duration: 0.1ms | Allocations: 72)
  Rendered shared/_navbar.html.erb (Duration: 0.2ms | Allocations: 57)
  Rendered shared/_footer.html.erb (Duration: 0.1ms | Allocations: 54)
  Rendered layout layouts/application.html.erb (Duration: 7.5ms | Allocations: 9310)
Completed 200 OK in 8ms (Views: 7.9ms | Allocations: 9550)


Started GET "/" for ::1 at 2023-07-04 10:34:54 -0600
Processing by PagesController#home as HTML
  Rendering layout layouts/application.html.erb
  Rendering pages/home.html.erb within layouts/application
  Rendered services/_services.html.erb (Duration: 0.6ms | Allocations: 126)
  Rendered pages/home.html.erb within layouts/application (Duration: 1.4ms | Allocations: 447)
  Rendered shared/_navbar.html.erb (Duration: 0.6ms | Allocations: 269)
  Rendered shared/_footer.html.erb (Duration: 0.8ms | Allocations: 278)
  Rendered layout layouts/application.html.erb (Duration: 18.5ms | Allocations: 10397)
Completed 200 OK in 20ms (Views: 19.7ms | Allocations: 11280)


Started GET "/" for ::1 at 2023-07-04 10:34:56 -0600
Processing by PagesController#home as HTML
  Rendering layout layouts/application.html.erb
  Rendering pages/home.html.erb within layouts/application
  Rendered services/_services.html.erb (Duration: 0.0ms | Allocations: 9)
  Rendered pages/home.html.erb within layouts/application (Duration: 0.1ms | Allocations: 72)
  Rendered shared/_navbar.html.erb (Duration: 0.3ms | Allocations: 57)
  Rendered shared/_footer.html.erb (Duration: 0.1ms | Allocations: 53)
  Rendered layout layouts/application.html.erb (Duration: 8.8ms | Allocations: 9214)
Completed 200 OK in 9ms (Views: 9.2ms | Allocations: 9468)


Started GET "/team/team" for ::1 at 2023-07-04 10:35:01 -0600
  
ActionController::RoutingError (No route matches [GET] "/team/team"):
  
Started GET "/team/team" for ::1 at 2023-07-04 10:36:02 -0600
  
ActionController::RoutingError (uninitialized constant TeamController

      Object.const_get(camel_cased_word)
            ^^^^^^^^^^
Did you mean?  PagesController

            raise MissingController.new(error.message, error.name)
            ^^^^^):
  
Started GET "/" for ::1 at 2023-07-04 10:37:14 -0600
Processing by PagesController#home as HTML
  Rendering layout layouts/application.html.erb
  Rendering pages/home.html.erb within layouts/application
  Rendered services/_services.html.erb (Duration: 0.5ms | Allocations: 126)
  Rendered pages/home.html.erb within layouts/application (Duration: 1.5ms | Allocations: 442)
  Rendered shared/_navbar.html.erb (Duration: 1.2ms | Allocations: 275)
  Rendered shared/_footer.html.erb (Duration: 0.6ms | Allocations: 278)
  Rendered layout layouts/application.html.erb (Duration: 16.9ms | Allocations: 10740)
Completed 200 OK in 20ms (Views: 19.3ms | Allocations: 11755)


Started GET "/" for ::1 at 2023-07-04 10:37:16 -0600
Processing by PagesController#home as HTML
  Rendering layout layouts/application.html.erb
  Rendering pages/home.html.erb within layouts/application
  Rendered services/_services.html.erb (Duration: 0.0ms | Allocations: 9)
  Rendered pages/home.html.erb within layouts/application (Duration: 0.2ms | Allocations: 72)
  Rendered shared/_navbar.html.erb (Duration: 0.7ms | Allocations: 57)
  Rendered shared/_footer.html.erb (Duration: 0.4ms | Allocations: 53)
  Rendered layout layouts/application.html.erb (Duration: 17.4ms | Allocations: 9321)
Completed 200 OK in 19ms (Views: 18.8ms | Allocations: 9575)


Started GET "/" for ::1 at 2023-07-04 10:37:17 -0600
Processing by PagesController#home as HTML
  Rendering layout layouts/application.html.erb
  Rendering pages/home.html.erb within layouts/application
  Rendered services/_services.html.erb (Duration: 0.0ms | Allocations: 9)
  Rendered pages/home.html.erb within layouts/application (Duration: 0.3ms | Allocations: 72)
  Rendered shared/_navbar.html.erb (Duration: 0.3ms | Allocations: 57)
  Rendered shared/_footer.html.erb (Duration: 0.3ms | Allocations: 53)
  Rendered layout layouts/application.html.erb (Duration: 29.8ms | Allocations: 8995)
Completed 200 OK in 31ms (Views: 30.5ms | Allocations: 9231)


Started GET "/team/RMD" for ::1 at 2023-07-04 10:37:20 -0600
  
ActionController::RoutingError (uninitialized constant TeamController

      Object.const_get(camel_cased_word)
            ^^^^^^^^^^
Did you mean?  PagesController

            raise MissingController.new(error.message, error.name)
            ^^^^^):
  
Started GET "/" for ::1 at 2023-07-04 10:41:26 -0600
Processing by PagesController#home as HTML
  Rendering layout layouts/application.html.erb
  Rendering pages/home.html.erb within layouts/application
  Rendered services/_services.html.erb (Duration: 0.3ms | Allocations: 126)
  Rendered pages/home.html.erb within layouts/application (Duration: 1.1ms | Allocations: 442)
  Rendered shared/_navbar.html.erb (Duration: 1.6ms | Allocations: 275)
  Rendered shared/_footer.html.erb (Duration: 0.6ms | Allocations: 277)
  Rendered layout layouts/application.html.erb (Duration: 15.8ms | Allocations: 10700)
Completed 200 OK in 18ms (Views: 17.1ms | Allocations: 11717)


Started GET "/team/our_team" for ::1 at 2023-07-04 10:41:29 -0600
Processing by TeamController#our_team as HTML
  Rendering layout layouts/application.html.erb
  Rendering team/our_team.html.erb within layouts/application
  Rendered team/our_team.html.erb within layouts/application (Duration: 0.9ms | Allocations: 123)
  Rendered shared/_navbar.html.erb (Duration: 0.2ms | Allocations: 87)
  Rendered shared/_footer.html.erb (Duration: 0.2ms | Allocations: 55)
  Rendered layout layouts/application.html.erb (Duration: 11.3ms | Allocations: 9365)
Completed 200 OK in 13ms (Views: 12.8ms | Allocations: 10109)


Started GET "/team/RMD" for ::1 at 2023-07-04 10:41:32 -0600
Processing by TeamController#RMD as HTML
  Rendering layout layouts/application.html.erb
  Rendering team/RMD.html.erb within layouts/application
  Rendered team/RMD.html.erb within layouts/application (Duration: 0.3ms | Allocations: 98)
  Rendered shared/_navbar.html.erb (Duration: 1.1ms | Allocations: 58)
  Rendered shared/_footer.html.erb (Duration: 0.1ms | Allocations: 53)
  Rendered layout layouts/application.html.erb (Duration: 9.1ms | Allocations: 9019)
Completed 200 OK in 10ms (Views: 9.4ms | Allocations: 9340)


Started GET "/team/RMD" for ::1 at 2023-07-04 10:44:30 -0600
Processing by TeamController#RMD as HTML
  Rendering layout layouts/application.html.erb
  Rendering team/RMD.html.erb within layouts/application
  Rendered team/RMD.html.erb within layouts/application (Duration: 0.5ms | Allocations: 147)
  Rendered shared/_navbar.html.erb (Duration: 0.8ms | Allocations: 283)
  Rendered shared/_footer.html.erb (Duration: 1.5ms | Allocations: 278)
  Rendered layout layouts/application.html.erb (Duration: 20.6ms | Allocations: 10471)
Completed 200 OK in 25ms (Views: 23.5ms | Allocations: 11490)


Started GET "/" for ::1 at 2023-07-04 10:44:36 -0600
Processing by PagesController#home as HTML
  Rendering layout layouts/application.html.erb
  Rendering pages/home.html.erb within layouts/application
  Rendered services/_services.html.erb (Duration: 0.3ms | Allocations: 126)
  Rendered pages/home.html.erb within layouts/application (Duration: 1.0ms | Allocations: 457)
  Rendered shared/_navbar.html.erb (Duration: 0.1ms | Allocations: 84)
  Rendered shared/_footer.html.erb (Duration: 0.1ms | Allocations: 55)
  Rendered layout layouts/application.html.erb (Duration: 8.5ms | Allocations: 9688)
Completed 200 OK in 10ms (Views: 9.6ms | Allocations: 10431)


Started GET "/" for ::1 at 2023-07-04 10:56:00 -0600
Processing by PagesController#home as HTML
  Rendering layout layouts/application.html.erb
  Rendering pages/home.html.erb within layouts/application
  Rendered pages/home.html.erb within layouts/application (Duration: 0.9ms | Allocations: 372)
  Rendered shared/_navbar.html.erb (Duration: 0.6ms | Allocations: 421)
  Rendered shared/_footer.html.erb (Duration: 0.4ms | Allocations: 270)
  Rendered layout layouts/application.html.erb (Duration: 69.1ms | Allocations: 45681)
Completed 200 OK in 77ms (Views: 72.2ms | ActiveRecord: 0.0ms | Allocations: 49807)


Started GET "/about" for ::1 at 2023-07-04 10:56:04 -0600
  
ActionController::RoutingError (No route matches [GET] "/about"):
  
Started GET "/" for ::1 at 2023-07-04 10:56:22 -0600
Processing by PagesController#home as HTML
  Rendering layout layouts/application.html.erb
  Rendering pages/home.html.erb within layouts/application
  Rendered pages/home.html.erb within layouts/application (Duration: 0.0ms | Allocations: 7)
  Rendered shared/_navbar.html.erb (Duration: 0.1ms | Allocations: 99)
  Rendered shared/_footer.html.erb (Duration: 0.1ms | Allocations: 54)
  Rendered layout layouts/application.html.erb (Duration: 8.2ms | Allocations: 9157)
Completed 200 OK in 9ms (Views: 8.6ms | ActiveRecord: 0.0ms | Allocations: 9442)


Started GET "/" for ::1 at 2023-07-04 10:59:27 -0600
Processing by PagesController#home as HTML
  Rendering layout layouts/application.html.erb
  Rendering pages/home.html.erb within layouts/application
  Rendered pages/home.html.erb within layouts/application (Duration: 0.3ms | Allocations: 160)
  Rendered shared/_navbar.html.erb (Duration: 0.6ms | Allocations: 362)
  Rendered shared/_footer.html.erb (Duration: 0.5ms | Allocations: 267)
  Rendered layout layouts/application.html.erb (Duration: 22.9ms | Allocations: 10313)
Completed 200 OK in 25ms (Views: 24.1ms | ActiveRecord: 0.0ms | Allocations: 11195)


Started GET "/services/audio_production" for ::1 at 2023-07-04 10:59:43 -0600
  
ActionController::RoutingError (No route matches [GET] "/services/audio_production"):
  
Started GET "/" for ::1 at 2023-07-04 10:59:46 -0600
Processing by PagesController#home as HTML
  Rendering layout layouts/application.html.erb
  Rendering pages/home.html.erb within layouts/application
  Rendered pages/home.html.erb within layouts/application (Duration: 0.6ms | Allocations: 160)
  Rendered shared/_navbar.html.erb (Duration: 0.9ms | Allocations: 359)
  Rendered shared/_footer.html.erb (Duration: 1.3ms | Allocations: 265)
  Rendered layout layouts/application.html.erb (Duration: 14.3ms | Allocations: 10305)
Completed 200 OK in 16ms (Views: 15.7ms | ActiveRecord: 0.0ms | Allocations: 11174)


Started GET "/" for ::1 at 2023-07-04 11:09:54 -0600
Processing by PagesController#home as HTML
  Rendering layout layouts/application.html.erb
  Rendering pages/home.html.erb within layouts/application
  Rendered pages/home.html.erb within layouts/application (Duration: 0.5ms | Allocations: 160)
  Rendered shared/_navbar.html.erb (Duration: 0.6ms | Allocations: 366)
  Rendered shared/_footer.html.erb (Duration: 0.4ms | Allocations: 281)
  Rendered layout layouts/application.html.erb (Duration: 9.8ms | Allocations: 10263)
Completed 200 OK in 13ms (Views: 12.5ms | Allocations: 11278)


Started GET "/services/audio_production" for ::1 at 2023-07-04 11:09:58 -0600
Processing by ServicesController#audio_production as HTML
  Rendering layout layouts/application.html.erb
  Rendering services/audio_production.html.erb within layouts/application
  Rendered services/audio_production.html.erb within layouts/application (Duration: 2.3ms | Allocations: 137)
  Rendered shared/_navbar.html.erb (Duration: 0.1ms | Allocations: 119)
  Rendered shared/_footer.html.erb (Duration: 0.1ms | Allocations: 55)
  Rendered layout layouts/application.html.erb (Duration: 28.4ms | Allocations: 9396)
Completed 200 OK in 31ms (Views: 29.4ms | Allocations: 10142)


Started GET "/services/graphic_design" for ::1 at 2023-07-04 11:10:01 -0600
Processing by ServicesController#graphic_design as HTML
  Rendering layout layouts/application.html.erb
  Rendering services/graphic_design.html.erb within layouts/application
  Rendered services/graphic_design.html.erb within layouts/application (Duration: 0.5ms | Allocations: 115)
  Rendered shared/_navbar.html.erb (Duration: 0.1ms | Allocations: 90)
  Rendered shared/_footer.html.erb (Duration: 0.1ms | Allocations: 54)
  Rendered layout layouts/application.html.erb (Duration: 9.6ms | Allocations: 9383)
Completed 200 OK in 10ms (Views: 10.1ms | Allocations: 9714)


Started GET "/services/video_production" for ::1 at 2023-07-04 11:10:03 -0600
Processing by ServicesController#video_production as HTML
  Rendering layout layouts/application.html.erb
  Rendering services/video_production.html.erb within layouts/application
  Rendered services/video_production.html.erb within layouts/application (Duration: 0.4ms | Allocations: 110)
  Rendered shared/_navbar.html.erb (Duration: 0.2ms | Allocations: 90)
  Rendered shared/_footer.html.erb (Duration: 0.1ms | Allocations: 53)
  Rendered layout layouts/application.html.erb (Duration: 8.8ms | Allocations: 9057)
Completed 200 OK in 9ms (Views: 9.2ms | Allocations: 9350)


Started GET "/services/web_development" for ::1 at 2023-07-04 11:10:06 -0600
Processing by ServicesController#web_development as HTML
  Rendering layout layouts/application.html.erb
  Rendering services/web_development.html.erb within layouts/application
  Rendered services/web_development.html.erb within layouts/application (Duration: 0.5ms | Allocations: 108)
  Rendered shared/_navbar.html.erb (Duration: 0.5ms | Allocations: 90)
  Rendered shared/_footer.html.erb (Duration: 0.1ms | Allocations: 53)
  Rendered layout layouts/application.html.erb (Duration: 9.0ms | Allocations: 9061)
Completed 200 OK in 10ms (Views: 9.7ms | Allocations: 9355)


Started GET "/services/web_development" for ::1 at 2023-07-04 11:10:09 -0600
Processing by ServicesController#web_development as HTML
  Rendering layout layouts/application.html.erb
  Rendering services/web_development.html.erb within layouts/application
  Rendered services/web_development.html.erb within layouts/application (Duration: 0.0ms | Allocations: 7)
  Rendered shared/_navbar.html.erb (Duration: 0.1ms | Allocations: 90)
  Rendered shared/_footer.html.erb (Duration: 0.1ms | Allocations: 53)
  Rendered layout layouts/application.html.erb (Duration: 7.3ms | Allocations: 9153)
Completed 200 OK in 8ms (Views: 7.7ms | Allocations: 9391)


Started GET "/services/web_development" for ::1 at 2023-07-04 11:11:36 -0600
Processing by ServicesController#web_development as HTML
  Rendering layout layouts/application.html.erb
  Rendering services/web_development.html.erb within layouts/application
  Rendered services/web_development.html.erb within layouts/application (Duration: 0.4ms | Allocations: 133)
  Rendered shared/_navbar.html.erb (Duration: 0.6ms | Allocations: 359)
  Rendered shared/_footer.html.erb (Duration: 0.5ms | Allocations: 279)
  Rendered layout layouts/application.html.erb (Duration: 11.5ms | Allocations: 10201)
Completed 200 OK in 13ms (Views: 12.5ms | Allocations: 11085)


Started GET "/services/live_streaming" for ::1 at 2023-07-04 11:11:39 -0600
  
ActionController::RoutingError (No route matches [GET] "/services/live_streaming"):
  
Started GET "/services/live_streaming" for ::1 at 2023-07-04 11:12:53 -0600
  
ActionController::RoutingError (No route matches [GET] "/services/live_streaming"):
  
Started GET "/services" for ::1 at 2023-07-04 11:12:58 -0600
  
ActionController::RoutingError (No route matches [GET] "/services"):
  
Started GET "/" for ::1 at 2023-07-04 11:13:01 -0600
Processing by PagesController#home as HTML
  Rendering layout layouts/application.html.erb
  Rendering pages/home.html.erb within layouts/application
  Rendered pages/home.html.erb within layouts/application (Duration: 0.4ms | Allocations: 160)
  Rendered shared/_navbar.html.erb (Duration: 2.3ms | Allocations: 359)
  Rendered shared/_footer.html.erb (Duration: 0.6ms | Allocations: 280)
  Rendered layout layouts/application.html.erb (Duration: 18.0ms | Allocations: 10522)
Completed 200 OK in 20ms (Views: 19.3ms | Allocations: 11370)


Started GET "/" for ::1 at 2023-07-04 11:13:40 -0600
Processing by PagesController#home as HTML
  Rendering layout layouts/application.html.erb
  Rendering pages/home.html.erb within layouts/application
  Rendered pages/home.html.erb within layouts/application (Duration: 0.5ms | Allocations: 160)
  Rendered shared/_navbar.html.erb (Duration: 0.7ms | Allocations: 359)
  Rendered shared/_footer.html.erb (Duration: 0.9ms | Allocations: 279)
  Rendered layout layouts/application.html.erb (Duration: 18.8ms | Allocations: 10213)
Completed 200 OK in 21ms (Views: 20.3ms | Allocations: 11111)


Started GET "/" for ::1 at 2023-07-04 11:16:22 -0600
Processing by PagesController#home as HTML
  Rendering layout layouts/application.html.erb
  Rendering pages/home.html.erb within layouts/application
  Rendered pages/home.html.erb within layouts/application (Duration: 3.8ms | Allocations: 2287)
  Rendered layout layouts/application.html.erb (Duration: 4.2ms | Allocations: 2375)
Completed 500 Internal Server Error in 7ms (Allocations: 3263)


  
ActionView::Template::Error (Missing partial pages/_services, application/_services with {:locale=>[:en], :formats=>[:html], :variants=>[], :handlers=>[:raw, :erb, :html, :builder, :ruby]}.

Searched in:
  * "/home/damian/code/radios-fbl/app/views"
  * "/home/damian/.rbenv/versions/3.1.2/lib/ruby/gems/3.1.0/gems/turbo-rails-1.4.0/app/views"
  * "/home/damian/.rbenv/versions/3.1.2/lib/ruby/gems/3.1.0/gems/actiontext-7.0.6/app/views"
  * "/home/damian/.rbenv/versions/3.1.2/lib/ruby/gems/3.1.0/gems/actionmailbox-7.0.6/app/views"

Did you mean?  services/services
               shared/footer
               shared/navbar
               action_text/contents/content
               layouts/action_text/contents/content
               active_storage/blobs/blob):
    20:     <p>
    21:       We offer a wide range of services to help you achieve your artistic goals. Whether you're looking to record your first album or create a music video for your latest single, we've got you covered.
    22:     </p>
    23:     <%= render partial: "services" %>
    24:     <a class="btn btn-primary" href="services">Learn more!</a>
    25:   </div>
    26: <section id="app">
  
app/views/pages/home.html.erb:23
Started GET "/" for ::1 at 2023-07-04 11:16:35 -0600
Processing by PagesController#home as HTML
  Rendering layout layouts/application.html.erb
  Rendering pages/home.html.erb within layouts/application
  Rendered services/_services.html.erb (Duration: 0.3ms | Allocations: 127)
  Rendered pages/home.html.erb within layouts/application (Duration: 1.0ms | Allocations: 454)
  Rendered shared/_navbar.html.erb (Duration: 1.1ms | Allocations: 356)
  Rendered shared/_footer.html.erb (Duration: 0.6ms | Allocations: 279)
  Rendered layout layouts/application.html.erb (Duration: 15.5ms | Allocations: 10836)
Completed 200 OK in 17ms (Views: 16.7ms | Allocations: 11725)


Started GET "/services" for ::1 at 2023-07-04 11:16:41 -0600
  
ActionController::RoutingError (No route matches [GET] "/services"):
  
Started GET "/" for ::1 at 2023-07-04 11:19:37 -0600
Processing by PagesController#home as HTML
  Rendering layout layouts/application.html.erb
  Rendering pages/home.html.erb within layouts/application
  Rendered services/_services.html.erb (Duration: 0.5ms | Allocations: 126)
  Rendered pages/home.html.erb within layouts/application (Duration: 1.5ms | Allocations: 454)
  Rendered shared/_navbar.html.erb (Duration: 0.8ms | Allocations: 364)
  Rendered shared/_footer.html.erb (Duration: 0.7ms | Allocations: 280)
  Rendered layout layouts/application.html.erb (Duration: 19.4ms | Allocations: 10822)
Completed 200 OK in 22ms (Views: 21.0ms | Allocations: 11841)


Started GET "/" for ::1 at 2023-07-04 11:19:54 -0600
Processing by PagesController#home as HTML
  Rendering layout layouts/application.html.erb
  Rendering pages/home.html.erb within layouts/application
  Rendered services/_services.html.erb (Duration: 0.3ms | Allocations: 126)
  Rendered pages/home.html.erb within layouts/application (Duration: 0.9ms | Allocations: 452)
  Rendered shared/_navbar.html.erb (Duration: 1.1ms | Allocations: 356)
  Rendered shared/_footer.html.erb (Duration: 0.7ms | Allocations: 280)
  Rendered layout layouts/application.html.erb (Duration: 14.1ms | Allocations: 10492)
Completed 200 OK in 16ms (Views: 15.2ms | Allocations: 11391)


Started GET "/services/index" for ::1 at 2023-07-04 11:19:56 -0600
Processing by ServicesController#index as HTML
  Rendering layout layouts/application.html.erb
  Rendering services/index.html.erb within layouts/application
  Rendered services/index.html.erb within layouts/application (Duration: 0.3ms | Allocations: 168)
  Rendered shared/_navbar.html.erb (Duration: 0.3ms | Allocations: 119)
  Rendered shared/_footer.html.erb (Duration: 0.1ms | Allocations: 55)
  Rendered layout layouts/application.html.erb (Duration: 8.0ms | Allocations: 9725)
Completed 200 OK in 9ms (Views: 9.0ms | Allocations: 10469)


  
ActionController::RoutingError (No route matches [GET] "/images/audio-production.jpg"):
  
  
ActionController::RoutingError (No route matches [GET] "/images/video-production.jpg"):
  
  
ActionController::RoutingError (No route matches [GET] "/images/live-event-streaming.jpg"):
  
  
ActionController::RoutingError (No route matches [GET] "/images/graphic-design.jpg"):
  
  
ActionController::RoutingError (No route matches [GET] "/images/web-development.jpg"):
  
Started GET "/services/audio_production" for ::1 at 2023-07-04 11:20:00 -0600
Processing by ServicesController#audio_production as HTML
  Rendering layout layouts/application.html.erb
  Rendering services/audio_production.html.erb within layouts/application
  Rendered services/audio_production.html.erb within layouts/application (Duration: 0.4ms | Allocations: 111)
  Rendered shared/_navbar.html.erb (Duration: 0.2ms | Allocations: 90)
  Rendered shared/_footer.html.erb (Duration: 0.1ms | Allocations: 53)
  Rendered layout layouts/application.html.erb (Duration: 14.9ms | Allocations: 9384)
Completed 200 OK in 16ms (Views: 15.3ms | Allocations: 9693)


  
ActionController::RoutingError (No route matches [GET] "/images/audio-production.jpg"):
  
  
ActionController::RoutingError (No route matches [GET] "/images/graphic-design.jpg"):
  
  
ActionController::RoutingError (No route matches [GET] "/images/web-development.jpg"):
  
  
ActionController::RoutingError (No route matches [GET] "/images/video-production.jpg"):
  
  
ActionController::RoutingError (No route matches [GET] "/images/live-event-streaming.jpg"):
  
Started GET "/services/video_production" for ::1 at 2023-07-04 11:20:03 -0600
Processing by ServicesController#video_production as HTML
  Rendering layout layouts/application.html.erb
  Rendering services/video_production.html.erb within layouts/application
  Rendered services/video_production.html.erb within layouts/application (Duration: 0.3ms | Allocations: 108)
  Rendered shared/_navbar.html.erb (Duration: 0.1ms | Allocations: 90)
  Rendered shared/_footer.html.erb (Duration: 0.1ms | Allocations: 53)
  Rendered layout layouts/application.html.erb (Duration: 7.5ms | Allocations: 9366)
Completed 200 OK in 8ms (Views: 8.0ms | Allocations: 9659)


  
ActionController::RoutingError (No route matches [GET] "/images/audio-production.jpg"):
  
  
ActionController::RoutingError (No route matches [GET] "/images/graphic-design.jpg"):
  
  
ActionController::RoutingError (No route matches [GET] "/images/live-event-streaming.jpg"):
  
  
ActionController::RoutingError (No route matches [GET] "/images/video-production.jpg"):
  
  
ActionController::RoutingError (No route matches [GET] "/images/web-development.jpg"):
  
Started GET "/services/web_development" for ::1 at 2023-07-04 11:20:05 -0600
Processing by ServicesController#web_development as HTML
  Rendering layout layouts/application.html.erb
  Rendering services/web_development.html.erb within layouts/application
  Rendered services/web_development.html.erb within layouts/application (Duration: 0.3ms | Allocations: 106)
  Rendered shared/_navbar.html.erb (Duration: 0.3ms | Allocations: 90)
  Rendered shared/_footer.html.erb (Duration: 0.1ms | Allocations: 53)
  Rendered layout layouts/application.html.erb (Duration: 7.8ms | Allocations: 9370)
Completed 200 OK in 9ms (Views: 8.1ms | Allocations: 9662)


  
ActionController::RoutingError (No route matches [GET] "/images/audio-production.jpg"):
  
  
ActionController::RoutingError (No route matches [GET] "/images/web-development.jpg"):
  
  
ActionController::RoutingError (No route matches [GET] "/images/video-production.jpg"):
  
  
ActionController::RoutingError (No route matches [GET] "/images/graphic-design.jpg"):
  
  
ActionController::RoutingError (No route matches [GET] "/images/live-event-streaming.jpg"):
  
Started GET "/services/live_event_streaming" for ::1 at 2023-07-04 11:20:08 -0600
  
ActionController::RoutingError (No route matches [GET] "/services/live_event_streaming"):
  
  
ActionController::RoutingError (No route matches [GET] "/images/video-production.jpg"):
  
  
ActionController::RoutingError (No route matches [GET] "/images/audio-production.jpg"):
  
  
ActionController::RoutingError (No route matches [GET] "/images/live-event-streaming.jpg"):
  
  
ActionController::RoutingError (No route matches [GET] "/images/graphic-design.jpg"):
  
  
ActionController::RoutingError (No route matches [GET] "/images/web-development.jpg"):
  
Started GET "/services/live_event_streaming" for ::1 at 2023-07-04 11:21:04 -0600
  
ActionController::RoutingError (No route matches [GET] "/services/live_event_streaming"):
  
Started GET "/services/live_event_streaming" for ::1 at 2023-07-04 11:21:08 -0600
  
ActionController::RoutingError (No route matches [GET] "/services/live_event_streaming"):
  
Started GET "/services" for ::1 at 2023-07-04 11:21:11 -0600
  
ActionController::RoutingError (No route matches [GET] "/services"):
  
Started GET "/" for ::1 at 2023-07-04 11:21:14 -0600
Processing by PagesController#home as HTML
  Rendering layout layouts/application.html.erb
  Rendering pages/home.html.erb within layouts/application
  Rendered services/_services.html.erb (Duration: 0.5ms | Allocations: 126)
  Rendered pages/home.html.erb within layouts/application (Duration: 2.3ms | Allocations: 454)
  Rendered shared/_navbar.html.erb (Duration: 0.7ms | Allocations: 363)
  Rendered shared/_footer.html.erb (Duration: 2.1ms | Allocations: 280)
  Rendered layout layouts/application.html.erb (Duration: 14.1ms | Allocations: 10824)
Completed 200 OK in 19ms (Views: 17.0ms | Allocations: 11801)


Started GET "/services/index" for ::1 at 2023-07-04 11:21:18 -0600
Processing by ServicesController#index as HTML
  Rendering layout layouts/application.html.erb
  Rendering services/index.html.erb within layouts/application
  Rendered services/index.html.erb within layouts/application (Duration: 0.4ms | Allocations: 167)
  Rendered shared/_navbar.html.erb (Duration: 0.2ms | Allocations: 119)
  Rendered shared/_footer.html.erb (Duration: 0.2ms | Allocations: 55)
  Rendered layout layouts/application.html.erb (Duration: 11.3ms | Allocations: 9438)
Completed 200 OK in 13ms (Views: 12.6ms | Allocations: 10181)


  
ActionController::RoutingError (No route matches [GET] "/images/audio-production.jpg"):
  
  
ActionController::RoutingError (No route matches [GET] "/images/video-production.jpg"):
  
  
ActionController::RoutingError (No route matches [GET] "/images/graphic-design.jpg"):
  
  
ActionController::RoutingError (No route matches [GET] "/images/live-event-streaming.jpg"):
  
  
ActionController::RoutingError (No route matches [GET] "/images/web-development.jpg"):
  
  
ActionController::RoutingError (No route matches [GET] "/images/audio-production.jpg"):
  
  
ActionController::RoutingError (No route matches [GET] "/images/video-production.jpg"):
  
  
ActionController::RoutingError (No route matches [GET] "/images/graphic-design.jpg"):
  
  
ActionController::RoutingError (No route matches [GET] "/images/web-development.jpg"):
  
  
ActionController::RoutingError (No route matches [GET] "/images/live-event-streaming.jpg"):
  
Started GET "/services/index" for ::1 at 2023-07-04 11:21:37 -0600
Processing by ServicesController#index as HTML
  Rendering layout layouts/application.html.erb
  Rendering services/index.html.erb within layouts/application
  Rendered services/index.html.erb within layouts/application (Duration: 0.1ms | Allocations: 7)
  Rendered shared/_navbar.html.erb (Duration: 1.9ms | Allocations: 90)
  Rendered shared/_footer.html.erb (Duration: 0.2ms | Allocations: 53)
  Rendered layout layouts/application.html.erb (Duration: 16.7ms | Allocations: 9260)
Completed 200 OK in 18ms (Views: 18.2ms | Allocations: 9515)


  
ActionController::RoutingError (No route matches [GET] "/images/audio-production.jpg"):
  
  
ActionController::RoutingError (No route matches [GET] "/images/video-production.jpg"):
  
  
ActionController::RoutingError (No route matches [GET] "/images/graphic-design.jpg"):
  
  
ActionController::RoutingError (No route matches [GET] "/images/web-development.jpg"):
  
  
ActionController::RoutingError (No route matches [GET] "/images/live-event-streaming.jpg"):
  
  
ActionController::RoutingError (No route matches [GET] "/images/audio-production.jpg"):
  
  
ActionController::RoutingError (No route matches [GET] "/images/video-production.jpg"):
  
  
ActionController::RoutingError (No route matches [GET] "/images/graphic-design.jpg"):
  
  
ActionController::RoutingError (No route matches [GET] "/images/live-event-streaming.jpg"):
  
  
ActionController::RoutingError (No route matches [GET] "/images/web-development.jpg"):
  
Started GET "/" for ::1 at 2023-07-04 11:22:27 -0600
Processing by PagesController#home as HTML
  Rendering layout layouts/application.html.erb
  Rendering pages/home.html.erb within layouts/application
  Rendered services/_services.html.erb (Duration: 0.0ms | Allocations: 9)
  Rendered pages/home.html.erb within layouts/application (Duration: 0.1ms | Allocations: 73)
  Rendered shared/_navbar.html.erb (Duration: 0.3ms | Allocations: 89)
  Rendered shared/_footer.html.erb (Duration: 0.1ms | Allocations: 54)
  Rendered layout layouts/application.html.erb (Duration: 12.4ms | Allocations: 9346)
Completed 200 OK in 13ms (Views: 12.8ms | Allocations: 9586)


  
ActionController::RoutingError (No route matches [GET] "/images/audio-production.jpg"):
  
  
ActionController::RoutingError (No route matches [GET] "/images/video-production.jpg"):
  
  
ActionController::RoutingError (No route matches [GET] "/images/web-development.jpg"):
  
  
ActionController::RoutingError (No route matches [GET] "/images/live-event-streaming.jpg"):
  
  
ActionController::RoutingError (No route matches [GET] "/images/graphic-design.jpg"):
  
Started GET "/about" for ::1 at 2023-07-04 11:22:37 -0600
  
ActionController::RoutingError (No route matches [GET] "/about"):
  
Started GET "/about" for ::1 at 2023-07-04 11:23:16 -0600
  
ActionController::RoutingError (No route matches [GET] "/about"):
  
Started GET "/about" for ::1 at 2023-07-04 11:23:39 -0600
  
ActionController::RoutingError (No route matches [GET] "/about"):
  
Started GET "/" for ::1 at 2023-07-04 11:23:42 -0600
Processing by PagesController#home as HTML
  Rendering layout layouts/application.html.erb
  Rendering pages/home.html.erb within layouts/application
  Rendered services/_services.html.erb (Duration: 0.3ms | Allocations: 126)
  Rendered pages/home.html.erb within layouts/application (Duration: 1.3ms | Allocations: 452)
  Rendered shared/_navbar.html.erb (Duration: 0.6ms | Allocations: 363)
  Rendered shared/_footer.html.erb (Duration: 0.5ms | Allocations: 279)
  Rendered layout layouts/application.html.erb (Duration: 15.6ms | Allocations: 10809)
Completed 200 OK in 20ms (Views: 18.7ms | Allocations: 11783)


Started GET "/pages/about" for ::1 at 2023-07-04 11:23:45 -0600
Processing by PagesController#about as HTML
  Rendering layout layouts/application.html.erb
  Rendering pages/about.html.erb within layouts/application
  Rendered pages/about.html.erb within layouts/application (Duration: 0.5ms | Allocations: 88)
  Rendered shared/_navbar.html.erb (Duration: 0.1ms | Allocations: 90)
  Rendered shared/_footer.html.erb (Duration: 0.2ms | Allocations: 53)
  Rendered layout layouts/application.html.erb (Duration: 7.9ms | Allocations: 9037)
Completed 200 OK in 8ms (Views: 8.3ms | Allocations: 9292)


Started GET "/pages/about" for ::1 at 2023-07-04 11:25:20 -0600
Processing by PagesController#about as HTML
  Rendering layout layouts/application.html.erb
  Rendering pages/about.html.erb within layouts/application
  Rendered pages/about.html.erb within layouts/application (Duration: 0.6ms | Allocations: 153)
  Rendered shared/_navbar.html.erb (Duration: 0.8ms | Allocations: 359)
  Rendered shared/_footer.html.erb (Duration: 0.5ms | Allocations: 279)
  Rendered layout layouts/application.html.erb (Duration: 12.3ms | Allocations: 10218)
Completed 200 OK in 14ms (Views: 13.4ms | Allocations: 10911)


Started GET "/" for ::1 at 2023-07-04 11:26:39 -0600
Processing by PagesController#home as HTML
  Rendering layout layouts/application.html.erb
  Rendering pages/home.html.erb within layouts/application
  Rendered services/_services.html.erb (Duration: 0.5ms | Allocations: 124)
  Rendered pages/home.html.erb within layouts/application (Duration: 1.6ms | Allocations: 411)
  Rendered shared/_navbar.html.erb (Duration: 0.1ms | Allocations: 89)
  Rendered shared/_footer.html.erb (Duration: 0.2ms | Allocations: 53)
  Rendered layout layouts/application.html.erb (Duration: 11.3ms | Allocations: 9357)
Completed 200 OK in 12ms (Views: 11.9ms | Allocations: 9665)


